/home/mankolepantos/Smol_Holders_Daily/Smol_Holders_Daily/myenv/bin/python3: can't open file '/home/mankolepantos/Smol_Holders_Daily/Smol_Holders_Daily/scrap_bueno.py': [Errno 2] No such file or directory
/home/mankolepantos/Smol_Holders_Daily/Smol_Holders_Daily/myenv/bin/python3: can't open file '/home/mankolepantos/Smol_Holders_Daily/Smol_Holders_Daily/scrap_bueno.py': [Errno 2] No such file or directory
/home/mankolepantos/Smol_Holders_Daily/Smol_Holders_Daily/myenv/bin/python3: can't open file '/home/mankolepantos/Smol_Holders_Daily/Smol_Holders_Daily/scrap_bueno.py': [Errno 2] No such file or directory
/home/mankolepantos/Smol_Holders_Daily/Smol_Holders_Daily/myenv/bin/python3: can't open file '/home/mankolepantos/Smol_Holders_Daily/Smol_Holders_Daily/scrap_bueno.py': [Errno 2] No such file or directory
/home/mankolepantos/Smol_Holders_Daily/Smol_Holders_Daily/myenv/bin/python3: can't open file '/home/mankolepantos/Smol_Holders_Daily/Smol_Holders_Daily/scrap_bueno.py': [Errno 2] No such file or directory
/home/mankolepantos/Smol_Holders_Daily/Smol_Holders_Daily/myenv/bin/python3: can't open file '/home/mankolepantos/Smol_Holders_Daily/Smol_Holders_Daily/scrap_bueno.py': [Errno 2] No such file or directory
/home/mankolepantos/Smol_Holders_Daily/Smol_Holders_Daily/myenv/bin/python3: can't open file '/home/mankolepantos/Smol_Holders_Daily/Smol_Holders_Daily/scrap_bueno.py': [Errno 2] No such file or directory
/home/mankolepantos/Smol_Holders_Daily/Smol_Holders_Daily/myenv/bin/python3: can't open file '/home/mankolepantos/Smol_Holders_Daily/Smol_Holders_Daily/scrap_bueno.py': [Errno 2] No such file or directory
/home/mankolepantos/Smol_Holders_Daily/Smol_Holders_Daily/myenv/bin/python3: can't open file '/home/mankolepantos/Smol_Holders_Daily/Smol_Holders_Daily/scrap_bueno.py': [Errno 2] No such file or directory
/home/mankolepantos/Smol_Holders_Daily/Smol_Holders_Daily/myenv/bin/python3: can't open file '/home/mankolepantos/Smol_Holders_Daily/Smol_Holders_Daily/scrap_bueno.py': [Errno 2] No such file or directory
/home/mankolepantos/Smol_Holders_Daily/Smol_Holders_Daily/myenv/bin/python3: can't open file '/home/mankolepantos/Smol_Holders_Daily/Smol_Holders_Daily/scrap_bueno.py': [Errno 2] No such file or directory
/home/mankolepantos/Smol_Holders_Daily/Smol_Holders_Daily/myenv/bin/python3: can't open file '/home/mankolepantos/Smol_Holders_Daily/Smol_Holders_Daily/scrap_bueno.py': [Errno 2] No such file or directory
/home/mankolepantos/Smol_Holders_Daily/Smol_Holders_Daily/myenv/bin/python3: can't open file '/home/mankolepantos/Smol_Holders_Daily/Smol_Holders_Daily/scrap_bueno.py': [Errno 2] No such file or directory
/home/mankolepantos/Smol_Holders_Daily/Smol_Holders_Daily/myenv/bin/python3: can't open file '/home/mankolepantos/Smol_Holders_Daily/Smol_Holders_Daily/scrap_bueno.py': [Errno 2] No such file or directory
/home/mankolepantos/Smol_Holders_Daily/Smol_Holders_Daily/myenv/bin/python3: can't open file '/home/mankolepantos/Smol_Holders_Daily/Smol_Holders_Daily/scrap_bueno.py': [Errno 2] No such file or directory
/home/mankolepantos/Smol_Holders_Daily/Smol_Holders_Daily/myenv/bin/python3: can't open file '/home/mankolepantos/Smol_Holders_Daily/Smol_Holders_Daily/scrap_bueno.py': [Errno 2] No such file or directory
/home/mankolepantos/Smol_Holders_Daily/Smol_Holders_Daily/myenv/bin/python3: can't open file '/home/mankolepantos/Smol_Holders_Daily/Smol_Holders_Daily/scrap_bueno.py': [Errno 2] No such file or directory
/home/mankolepantos/Smol_Holders_Daily/Smol_Holders_Daily/myenv/bin/python3: can't open file '/home/mankolepantos/Smol_Holders_Daily/Smol_Holders_Daily/scrap_bueno.py': [Errno 2] No such file or directory
/home/mankolepantos/Smol_Holders_Daily/Smol_Holders_Daily/myenv/bin/python3: can't open file '/home/mankolepantos/Smol_Holders_Daily/Smol_Holders_Daily/scrap_bueno.py': [Errno 2] No such file or directory
/home/mankolepantos/Smol_Holders_Daily/Smol_Holders_Daily/myenv/bin/python3: can't open file '/home/mankolepantos/Smol_Holders_Daily/Smol_Holders_Daily/scrap_bueno.py': [Errno 2] No such file or directory
/home/mankolepantos/Smol_Holders_Daily/Smol_Holders_Daily/myenv/bin/python3: can't open file '/home/mankolepantos/Smol_Holders_Daily/Smol_Holders_Daily/scrap_bueno.py': [Errno 2] No such file or directory
/home/mankolepantos/Smol_Holders_Daily/Smol_Holders_Daily/myenv/bin/python3: can't open file '/home/mankolepantos/Smol_Holders_Daily/Smol_Holders_Daily/scrap_bueno.py': [Errno 2] No such file or directory
/home/mankolepantos/Smol_Holders_Daily/Smol_Holders_Daily/myenv/bin/python3: can't open file '/home/mankolepantos/Smol_Holders_Daily/Smol_Holders_Daily/scrap_bueno.py': [Errno 2] No such file or directory
/home/mankolepantos/Smol_Holders_Daily/Smol_Holders_Daily/myenv/bin/python3: can't open file '/home/mankolepantos/Smol_Holders_Daily/Smol_Holders_Daily/scrap_bueno.py': [Errno 2] No such file or directory
/home/mankolepantos/Smol_Holders_Daily/Smol_Holders_Daily/myenv/bin/python3: can't open file '/home/mankolepantos/Smol_Holders_Daily/Smol_Holders_Daily/scrap_bueno.py': [Errno 2] No such file or directory
/home/mankolepantos/Smol_Holders_Daily/Smol_Holders_Daily/myenv/bin/python3: can't open file '/home/mankolepantos/Smol_Holders_Daily/Smol_Holders_Daily/scrap_bueno.py': [Errno 2] No such file or directory
/home/mankolepantos/Smol_Holders_Daily/Smol_Holders_Daily/myenv/bin/python3: can't open file '/home/mankolepantos/Smol_Holders_Daily/Smol_Holders_Daily/scrap_bueno.py': [Errno 2] No such file or directory
/home/mankolepantos/Smol_Holders_Daily/Smol_Holders_Daily/myenv/bin/python3: can't open file '/home/mankolepantos/Smol_Holders_Daily/Smol_Holders_Daily/scrap_bueno.py': [Errno 2] No such file or directory
/home/mankolepantos/Smol_Holders_Daily/Smol_Holders_Daily/myenv/bin/python3: can't open file '/home/mankolepantos/Smol_Holders_Daily/Smol_Holders_Daily/scrap_bueno.py': [Errno 2] No such file or directory
/home/mankolepantos/Smol_Holders_Daily/Smol_Holders_Daily/myenv/bin/python3: can't open file '/home/mankolepantos/Smol_Holders_Daily/Smol_Holders_Daily/scrap_bueno.py': [Errno 2] No such file or directory
/home/mankolepantos/Smol_Holders_Daily/Smol_Holders_Daily/myenv/bin/python3: can't open file '/home/mankolepantos/Smol_Holders_Daily/Smol_Holders_Daily/scrap_bueno.py': [Errno 2] No such file or directory
/home/mankolepantos/Smol_Holders_Daily/Smol_Holders_Daily/myenv/bin/python3: can't open file '/home/mankolepantos/Smol_Holders_Daily/Smol_Holders_Daily/scrap_bueno.py': [Errno 2] No such file or directory
/home/mankolepantos/Smol_Holders_Daily/Smol_Holders_Daily/myenv/bin/python3: can't open file '/home/mankolepantos/Smol_Holders_Daily/Smol_Holders_Daily/scrap_bueno.py': [Errno 2] No such file or directory
/home/mankolepantos/Smol_Holders_Daily/Smol_Holders_Daily/myenv/bin/python3: can't open file '/home/mankolepantos/Smol_Holders_Daily/Smol_Holders_Daily/scrap_bueno.py': [Errno 2] No such file or directory
/home/mankolepantos/Smol_Holders_Daily/Smol_Holders_Daily/myenv/bin/python3: can't open file '/home/mankolepantos/Smol_Holders_Daily/Smol_Holders_Daily/scrap_bueno.py': [Errno 2] No such file or directory
/home/mankolepantos/Smol_Holders_Daily/Smol_Holders_Daily/myenv/bin/python3: can't open file '/home/mankolepantos/Smol_Holders_Daily/Smol_Holders_Daily/scrap_bueno.py': [Errno 2] No such file or directory
/home/mankolepantos/Smol_Holders_Daily/Smol_Holders_Daily/myenv/bin/python3: can't open file '/home/mankolepantos/Smol_Holders_Daily/Smol_Holders_Daily/scrap_bueno.py': [Errno 2] No such file or directory
/home/mankolepantos/Smol_Holders_Daily/Smol_Holders_Daily/myenv/bin/python3: can't open file '/home/mankolepantos/Smol_Holders_Daily/Smol_Holders_Daily/scrap_bueno.py': [Errno 2] No such file or directory
/home/mankolepantos/Smol_Holders_Daily/Smol_Holders_Daily/myenv/bin/python3: can't open file '/home/mankolepantos/Smol_Holders_Daily/Smol_Holders_Daily/scrap_bueno.py': [Errno 2] No such file or directory
/home/mankolepantos/Smol_Holders_Daily/Smol_Holders_Daily/myenv/bin/python3: can't open file '/home/mankolepantos/Smol_Holders_Daily/Smol_Holders_Daily/scrap_bueno.py': [Errno 2] No such file or directory
/home/mankolepantos/Smol_Holders_Daily/Smol_Holders_Daily/myenv/bin/python3: can't open file '/home/mankolepantos/Smol_Holders_Daily/Smol_Holders_Daily/scrap_bueno.py': [Errno 2] No such file or directory
/home/mankolepantos/Smol_Holders_Daily/Smol_Holders_Daily/myenv/bin/python3: can't open file '/home/mankolepantos/Smol_Holders_Daily/Smol_Holders_Daily/scrap_bueno.py': [Errno 2] No such file or directory
/home/mankolepantos/Smol_Holders_Daily/Smol_Holders_Daily/myenv/bin/python3: can't open file '/home/mankolepantos/Smol_Holders_Daily/Smol_Holders_Daily/scrap_bueno.py': [Errno 2] No such file or directory
/home/mankolepantos/Smol_Holders_Daily/Smol_Holders_Daily/myenv/bin/python3: can't open file '/home/mankolepantos/Smol_Holders_Daily/Smol_Holders_Daily/scrap_bueno.py': [Errno 2] No such file or directory
/home/mankolepantos/Smol_Holders_Daily/Smol_Holders_Daily/myenv/bin/python3: can't open file '/home/mankolepantos/Smol_Holders_Daily/Smol_Holders_Daily/scrap_bueno.py': [Errno 2] No such file or directory
/home/mankolepantos/Smol_Holders_Daily/Smol_Holders_Daily/myenv/bin/python3: can't open file '/home/mankolepantos/Smol_Holders_Daily/Smol_Holders_Daily/scrap_bueno.py': [Errno 2] No such file or directory
/home/mankolepantos/Smol_Holders_Daily/Smol_Holders_Daily/myenv/bin/python3: can't open file '/home/mankolepantos/Smol_Holders_Daily/Smol_Holders_Daily/scrap_bueno.py': [Errno 2] No such file or directory
/home/mankolepantos/Smol_Holders_Daily/Smol_Holders_Daily/myenv/bin/python3: can't open file '/home/mankolepantos/Smol_Holders_Daily/Smol_Holders_Daily/scrap_bueno.py': [Errno 2] No such file or directory
/home/mankolepantos/Smol_Holders_Daily/Smol_Holders_Daily/myenv/bin/python3: can't open file '/home/mankolepantos/Smol_Holders_Daily/Smol_Holders_Daily/scrap_bueno.py': [Errno 2] No such file or directory
/home/mankolepantos/Smol_Holders_Daily/Smol_Holders_Daily/myenv/bin/python3: can't open file '/home/mankolepantos/Smol_Holders_Daily/Smol_Holders_Daily/scrap_bueno.py': [Errno 2] No such file or directory
/home/mankolepantos/Smol_Holders_Daily/Smol_Holders_Daily/myenv/bin/python3: can't open file '/home/mankolepantos/Smol_Holders_Daily/Smol_Holders_Daily/scrap_bueno.py': [Errno 2] No such file or directory
/home/mankolepantos/Smol_Holders_Daily/Smol_Holders_Daily/myenv/bin/python3: can't open file '/home/mankolepantos/Smol_Holders_Daily/Smol_Holders_Daily/scrap_bueno.py': [Errno 2] No such file or directory
/home/mankolepantos/Smol_Holders_Daily/Smol_Holders_Daily/myenv/bin/python3: can't open file '/home/mankolepantos/Smol_Holders_Daily/Smol_Holders_Daily/scrap_bueno.py': [Errno 2] No such file or directory
/home/mankolepantos/Smol_Holders_Daily/Smol_Holders_Daily/myenv/bin/python3: can't open file '/home/mankolepantos/Smol_Holders_Daily/Smol_Holders_Daily/scrap_bueno.py': [Errno 2] No such file or directory
/home/mankolepantos/Smol_Holders_Daily/Smol_Holders_Daily/myenv/bin/python3: can't open file '/home/mankolepantos/Smol_Holders_Daily/Smol_Holders_Daily/scrap_bueno.py': [Errno 2] No such file or directory
/home/mankolepantos/Smol_Holders_Daily/Smol_Holders_Daily/myenv/bin/python3: can't open file '/home/mankolepantos/Smol_Holders_Daily/Smol_Holders_Daily/scrap_bueno.py': [Errno 2] No such file or directory
/home/mankolepantos/Smol_Holders_Daily/Smol_Holders_Daily/myenv/bin/python3: can't open file '/home/mankolepantos/Smol_Holders_Daily/Smol_Holders_Daily/scrap_bueno.py': [Errno 2] No such file or directory
Error: No se encontraron archivos CSV en la ruta especificada
Error: No se encontraron archivos CSV en la ruta especificada
Archivo movido y renombrado exitosamente a: /home/mankolepantos/Smol_Holders_Daily/Smol_Holders_Daily/smol_ko/data/201124.csv
Archivo movido y renombrado exitosamente a: /home/mankolepantos/Smol_Holders_Daily/Smol_Holders_Daily/smol_ko/data/201124.csv
Archivo movido y renombrado exitosamente a: /home/mankolepantos/Smol_Holders_Daily/Smol_Holders_Daily/smol_ko/data/201124.csv
Archivo movido y renombrado exitosamente a: /home/mankolepantos/Smol_Holders_Daily/Smol_Holders_Daily/smol_ko/data/201124.csv
Archivo movido y renombrado exitosamente a: /home/mankolepantos/Smol_Holders_Daily/Smol_Holders_Daily/smol_ko/data/201124.csv
Archivo movido y renombrado exitosamente a: /home/mankolepantos/Smol_Holders_Daily/Smol_Holders_Daily/smol_ko/data/201124.csv
Archivo movido y renombrado exitosamente a: /home/mankolepantos/Smol_Holders_Daily/Smol_Holders_Daily/smol_ko/data/201124.csv
Archivo movido y renombrado exitosamente a: /home/mankolepantos/Smol_Holders_Daily/Smol_Holders_Daily/smol_ko/data/211124.csv
Archivo movido y renombrado exitosamente a: /home/mankolepantos/Smol_Holders_Daily/Smol_Holders_Daily/smol_ko/data/221124.csv
Archivo movido y renombrado exitosamente a: /home/mankolepantos/Smol_Holders_Daily/Smol_Holders_Daily/smol_ko/data/231124.csv
Archivo movido y renombrado exitosamente a: /home/mankolepantos/Smol_Holders_Daily/Smol_Holders_Daily/smol_ko/data/241124.csv
Archivo movido y renombrado exitosamente a: /home/mankolepantos/Smol_Holders_Daily/Smol_Holders_Daily/smol_ko/data/251124.csv
Archivo movido y renombrado exitosamente a: /home/mankolepantos/Smol_Holders_Daily/Smol_Holders_Daily/smol_ko/data/261124.csv
Archivo movido y renombrado exitosamente a: /home/mankolepantos/Smol_Holders_Daily/Smol_Holders_Daily/smol_ko/data/271124.csv
Archivo movido y renombrado exitosamente a: /home/mankolepantos/Smol_Holders_Daily/Smol_Holders_Daily/smol_ko/data/281124.csv
Archivo movido y renombrado exitosamente a: /home/mankolepantos/Smol_Holders_Daily/Smol_Holders_Daily/smol_ko/data/291124.csv
Archivo movido y renombrado exitosamente a: /home/mankolepantos/Smol_Holders_Daily/Smol_Holders_Daily/smol_ko/data/301124.csv
Archivo movido y renombrado exitosamente a: /home/mankolepantos/Smol_Holders_Daily/Smol_Holders_Daily/smol_ko/data/011224.csv
Archivo movido y renombrado exitosamente a: /home/mankolepantos/Smol_Holders_Daily/Smol_Holders_Daily/smol_ko/data/021224.csv
Archivo movido y renombrado exitosamente a: /home/mankolepantos/Smol_Holders_Daily/Smol_Holders_Daily/smol_ko/data/031224.csv
Archivo movido y renombrado exitosamente a: /home/mankolepantos/Smol_Holders_Daily/Smol_Holders_Daily/smol_ko/data/041224.csv
Archivo movido y renombrado exitosamente a: /home/mankolepantos/Smol_Holders_Daily/Smol_Holders_Daily/smol_ko/data/051224.csv
Archivo movido y renombrado exitosamente a: /home/mankolepantos/Smol_Holders_Daily/Smol_Holders_Daily/smol_ko/data/061224.csv
Archivo movido y renombrado exitosamente a: /home/mankolepantos/Smol_Holders_Daily/Smol_Holders_Daily/smol_ko/data/071224.csv
Archivo movido y renombrado exitosamente a: /home/mankolepantos/Smol_Holders_Daily/Smol_Holders_Daily/smol_ko/data/081224.csv
Archivo movido y renombrado exitosamente a: /home/mankolepantos/Smol_Holders_Daily/Smol_Holders_Daily/smol_ko/data/091224.csv
Archivo movido y renombrado exitosamente a: /home/mankolepantos/Smol_Holders_Daily/Smol_Holders_Daily/smol_ko/data/111224.csv
Archivo movido y renombrado exitosamente a: /home/mankolepantos/Smol_Holders_Daily/Smol_Holders_Daily/smol_ko/data/121224.csv
Archivo movido y renombrado exitosamente a: /home/mankolepantos/Smol_Holders_Daily/Smol_Holders_Daily/smol_ko/data/131224.csv
Archivo movido y renombrado exitosamente a: /home/mankolepantos/Smol_Holders_Daily/Smol_Holders_Daily/smol_ko/data/141224.csv
Archivo movido y renombrado exitosamente a: /home/mankolepantos/Smol_Holders_Daily/Smol_Holders_Daily/smol_ko/data/151224.csv
Archivo movido y renombrado exitosamente a: /home/mankolepantos/Smol_Holders_Daily/Smol_Holders_Daily/smol_ko/data/161224.csv
Archivo movido y renombrado exitosamente a: /home/mankolepantos/Smol_Holders_Daily/Smol_Holders_Daily/smol_ko/data/171224.csv
Archivo movido y renombrado exitosamente a: /home/mankolepantos/Smol_Holders_Daily/Smol_Holders_Daily/smol_ko/data/181224.csv
Archivo movido y renombrado exitosamente a: /home/mankolepantos/Smol_Holders_Daily/Smol_Holders_Daily/smol_ko/data/191224.csv
Archivo movido y renombrado exitosamente a: /home/mankolepantos/Smol_Holders_Daily/Smol_Holders_Daily/smol_ko/data/201224.csv
Archivo movido y renombrado exitosamente a: /home/mankolepantos/Smol_Holders_Daily/Smol_Holders_Daily/smol_ko/data/211224.csv
Archivo movido y renombrado exitosamente a: /home/mankolepantos/Smol_Holders_Daily/Smol_Holders_Daily/smol_ko/data/221224.csv
Archivo movido y renombrado exitosamente a: /home/mankolepantos/Smol_Holders_Daily/Smol_Holders_Daily/smol_ko/data/231224.csv
Traceback (most recent call last):
  File "/home/mankolepantos/Smol_Holders_Daily/Smol_Holders_Daily/smol_ko/scrap_bueno.py", line 12, in <module>
    sb.click ('#ContentPlaceHolder1_btnSubmit')
  File "/home/mankolepantos/Smol_Holders_Daily/Smol_Holders_Daily/myenv/lib/python3.11/site-packages/seleniumbase/fixtures/base_case.py", line 417, in click
    element = page_actions.wait_for_element_visible(
              ^^^^^^^^^^^^^^^^^^^^^^^^^^^^^^^^^^^^^^
  File "/home/mankolepantos/Smol_Holders_Daily/Smol_Holders_Daily/myenv/lib/python3.11/site-packages/seleniumbase/fixtures/page_actions.py", line 514, in wait_for_element_visible
    timeout_exception(NoSuchElementException, message)
  File "/home/mankolepantos/Smol_Holders_Daily/Smol_Holders_Daily/myenv/lib/python3.11/site-packages/seleniumbase/fixtures/page_actions.py", line 267, in timeout_exception
    raise exc(msg)
seleniumbase.common.exceptions.NoSuchElementException: Message: 
 Element {#ContentPlaceHolder1_btnSubmit} was not present after 7 seconds!

Archivo movido y renombrado exitosamente a: /home/mankolepantos/Smol_Holders_Daily/Smol_Holders_Daily/smol_ko/data/251224.csv
Archivo movido y renombrado exitosamente a: /home/mankolepantos/Smol_Holders_Daily/Smol_Holders_Daily/smol_ko/data/261224.csv
Archivo movido y renombrado exitosamente a: /home/mankolepantos/Smol_Holders_Daily/Smol_Holders_Daily/smol_ko/data/271224.csv
Archivo movido y renombrado exitosamente a: /home/mankolepantos/Smol_Holders_Daily/Smol_Holders_Daily/smol_ko/data/281224.csv
Archivo movido y renombrado exitosamente a: /home/mankolepantos/Smol_Holders_Daily/Smol_Holders_Daily/smol_ko/data/291224.csv
Archivo movido y renombrado exitosamente a: /home/mankolepantos/Smol_Holders_Daily/Smol_Holders_Daily/smol_ko/data/301224.csv
Archivo movido y renombrado exitosamente a: /home/mankolepantos/Smol_Holders_Daily/Smol_Holders_Daily/smol_ko/data/311224.csv
Archivo movido y renombrado exitosamente a: /home/mankolepantos/Smol_Holders_Daily/Smol_Holders_Daily/smol_ko/data/010125.csv
Archivo movido y renombrado exitosamente a: /home/mankolepantos/Smol_Holders_Daily/Smol_Holders_Daily/smol_ko/data/020125.csv
Archivo movido y renombrado exitosamente a: /home/mankolepantos/Smol_Holders_Daily/Smol_Holders_Daily/smol_ko/data/030125.csv
