To github.com:mankolepanto/Smol_Holders_Daily.git
   e8df111..22908e3  main -> main
To github.com:mankolepanto/Smol_Holders_Daily.git
   22908e3..0bd8392  main -> main
To github.com:mankolepanto/Smol_Holders_Daily.git
   0bd8392..169046a  main -> main
To github.com:mankolepanto/Smol_Holders_Daily.git
   169046a..f0a777a  main -> main
To github.com:mankolepanto/Smol_Holders_Daily.git
   f0a777a..b05a7ab  main -> main
To github.com:mankolepanto/Smol_Holders_Daily.git
   b05a7ab..e4bf813  main -> main
To github.com:mankolepanto/Smol_Holders_Daily.git
   e4bf813..f24e51b  main -> main
To github.com:mankolepanto/Smol_Holders_Daily.git
   f24e51b..a84b6e95   main -> main
To github.com:mankolepanto/Smol_Holders_Daily.git
   a84b6e95..3991aed   main -> main
To github.com:mankolepanto/Smol_Holders_Daily.git
   3991aed..36a963e  main -> main
To github.com:mankolepanto/Smol_Holders_Daily.git
   36a963e..2f6492a  main -> main
To github.com:mankolepanto/Smol_Holders_Daily.git
   2f6492a..88d4c10  main -> main
To github.com:mankolepanto/Smol_Holders_Daily.git
   88d4c10..88f1b9a  main -> main
To github.com:mankolepanto/Smol_Holders_Daily.git
   88f1b9a..ed94c47  main -> main
ssh: Could not resolve hostname github.com: Temporary failure in name resolution
fatal: No se pudo leer del repositorio remoto.

Por favor asegúrate de que tengas los permisos de acceso correctos
y que el repositorio exista.
To github.com:mankolepanto/Smol_Holders_Daily.git
   ed94c47..b6be029  main -> main
To github.com:mankolepanto/Smol_Holders_Daily.git
   b6be029..ca8e60e  main -> main
To github.com:mankolepanto/Smol_Holders_Daily.git
   ca8e60e..10f60fc  main -> main
To github.com:mankolepanto/Smol_Holders_Daily.git
   10f60fc..7cd78b3  main -> main
To github.com:mankolepanto/Smol_Holders_Daily.git
   7cd78b3..1827fa8  main -> main
To github.com:mankolepanto/Smol_Holders_Daily.git
   1827fa8..526b2e3  main -> main
To github.com:mankolepanto/Smol_Holders_Daily.git
   526b2e3..c38bb42  main -> main
To github.com:mankolepanto/Smol_Holders_Daily.git
   c38bb42..dd0ff9b  main -> main
To github.com:mankolepanto/Smol_Holders_Daily.git
   dd0ff9b..b28c0b5  main -> main
To github.com:mankolepanto/Smol_Holders_Daily.git
   b28c0b5..2b89d9f  main -> main
To github.com:mankolepanto/Smol_Holders_Daily.git
   2b89d9f..5236e23  main -> main
To github.com:mankolepanto/Smol_Holders_Daily.git
   5236e23..94b1d46  main -> main
To github.com:mankolepanto/Smol_Holders_Daily.git
   94b1d46..2553e10  main -> main
To github.com:mankolepanto/Smol_Holders_Daily.git
   2553e10..64c03f7  main -> main
To github.com:mankolepanto/Smol_Holders_Daily.git
   64c03f7..94ab2d7  main -> main
To github.com:mankolepanto/Smol_Holders_Daily.git
   94ab2d7..0422eea  main -> main
To github.com:mankolepanto/Smol_Holders_Daily.git
   0422eea..7dd839f  main -> main
To github.com:mankolepanto/Smol_Holders_Daily.git
   7dd839f..edf0a38  main -> main
To github.com:mankolepanto/Smol_Holders_Daily.git
   edf0a38..68fa1f5  main -> main
To github.com:mankolepanto/Smol_Holders_Daily.git
   68fa1f5..6e9bf9e  main -> main
To github.com:mankolepanto/Smol_Holders_Daily.git
   6e9bf9e..dfed273  main -> main
